C51 COMPILER V9.60.0.0   MAIN                                                              10/23/2021 10:42:11 PAGE 1   


C51 COMPILER V9.60.0.0, COMPILATION OF MODULE MAIN
OBJECT MODULE PLACED IN .\Out_File\main.obj
COMPILER INVOKED BY: C:\Keil_v5\C51\BIN\C51.EXE ..\USER\src\main.c LARGE OMF2 OPTIMIZE(8,SPEED) BROWSE INCDIR(..\..\Libr
                    -aries\libraries;..\..\Libraries\seekfree_libraries;..\..\Libraries\seekfree_peripheral;..\USER\inc;..\USER\src;..\CODE) 
                    -DEBUG PRINT(.\Out_File\main.lst) TABS(2) OBJECT(.\Out_File\main.obj)

line level    source

   1          /*********************************************************************************************************
             -************
   2           * COPYRIGHT NOTICE
   3           * Copyright (c) 2020,逐飞科技
   4           * All rights reserved.
   5           * 技术讨论QQ群：一群：179029047(已满)  二群：244861897(已满)  三群：824575535
   6           *
   7           * 以下所有内容版权均属逐飞科技所有，未经允许不得用于商业用途，
   8           * 欢迎各位使用并传播本程序，修改内容时必须保留逐飞科技的版权声明。
   9           *
  10           * @file          main
  11           * @company       成都逐飞科技有限公司
  12           * @author        逐飞科技(QQ790875685)
  13           * @version       查看doc内version文件 版本说明
  14           * @Software    MDK FOR C51 V9.60
  15           * @Target core   STC8H8K64S4
  16           * @Taobao      https://seekfree.taobao.com/
  17           * @date          2020-06-01
  18           *********************************************************************************************************
             -***********/
  19          
  20          #include "headfile.h"
  21          
  22          //board.h文件中FOSC的值设置为0,则程序自动识别系统频率
  23          
  24          /*board.h文件中FOSC的值设置不为0，则系统频率为FOSC的值，
  25          在使用stc-isp工具下载程序的时候需要将IRC频率设置为FOSC的值*/
  26          
  27          /*在board_init中,已经将P54引脚设置为复位，
  28          如果需要使用P54引脚,可以在board.c文件中的board_init()函数中删除SET_P54_RESRT即可*/
  29          
  30          float kp, kd, ki, measuredValue, target, timeElapsed, previousError, integral, output, error, increment, t
             -hresholdValue;
  31          
  32          double doubleAbs(double number){
  33   1          return number>0?number:-number;
  34   1      }
  35          
  36          int beta(){
  37   1          double error = target - measuredValue;
  38   1          return thresholdValue>doubleAbs(error)?0:1;
  39   1      }
  40          
  41          
  42          void PID_Controller()
  43          {
  44   1        error = target - measuredValue;
  45   1        integral += error;
  46   1        increment = kp * error + beta() * ki * integral + kd * (error - previousError) / timeElapsed;
  47   1        output = measuredValue + increment;
  48   1        previousError = error;
  49   1      }
  50          
C51 COMPILER V9.60.0.0   MAIN                                                              10/23/2021 10:42:11 PAGE 2   

  51          void PID_Init()
  52          {
  53   1        //Only for Test use
  54   1        timeElapsed = 1.0;
  55   1        measuredValue = 50.0;
  56   1        target = 100.0;
  57   1        kp=0.6;
  58   1        ki=0.02;
  59   1        kd=0.05;
  60   1        thresholdValue=70.0;
  61   1        //Test End
  62   1      
  63   1        previousError = 0.0;
  64   1        integral = 0.0;
  65   1        output = 0.0;
  66   1      }
  67          
  68          void main()
  69          {
  70   1        DisableGlobalIRQ(); //关闭总中断
  71   1        board_init();   //初始化内部寄存器，勿删除此句代码。
  72   1      
  73   1        //此处编写用户代码(例如：外设初始化代码等)
  74   1      
  75   1        EnableGlobalIRQ(); //开启总中断
  76   1        PID_Init(); 
  77   1        while(1){
  78   2          P54=0;
  79   2              measuredValue = output;
  80   2              PID_Controller();
  81   2          delay_ms(100);
  82   2          printf("%lf\n",output/1000);
  83   2        }
  84   1      
  85   1      }


MODULE INFORMATION:   STATIC OVERLAYABLE
   CODE SIZE        =    628    ----
   CONSTANT SIZE    =      5    ----
   XDATA SIZE       =     48       4
   PDATA SIZE       =   ----    ----
   DATA SIZE        =   ----    ----
   IDATA SIZE       =   ----    ----
   BIT SIZE         =   ----    ----
   EDATA SIZE       =   ----    ----
   HDATA SIZE       =   ----    ----
   XDATA CONST SIZE =   ----    ----
   FAR CONST SIZE   =   ----    ----
END OF MODULE INFORMATION.


C51 COMPILATION COMPLETE.  0 WARNING(S),  0 ERROR(S)
